# JRE version: Java(TM) SE Runtime Environment (20.0.2+9) (build 20.0.2+9-78)
# Java VM: Java HotSpot(TM) 64-Bit Server VM (20.0.2+9-78, mixed mode, emulated-client, sharing, tiered, compressed oops, compressed class ptrs, g1 gc, windows-amd64)
GC Precious Log:
 CardTable entry size: 512
 Card Set container configuration: InlinePtr #cards 4 size 8 Array Of Cards #cards 32 size 80 Howl #buckets 8 coarsen threshold 7372 Howl Bitmap #cards 1024 size 144 coarsen threshold 921 Card regions per heap region 1 cards per card region 8192
 CPUs: 12 total, 12 available
 Memory: 32604M
 Large Page Support: Disabled
 NUMA Support: Disabled
 Compressed Oops: Enabled (Zero based)
 Heap Region Size: 4M
 Heap Min Capacity: 8M
 Heap Initial Capacity: 512M
 Heap Max Capacity: 8152M
 Pre-touch: Disabled
 Parallel Workers: 10
 Concurrent Workers: 3
 Concurrent Refinement Workers: 10
 Periodic GC: Disabled
Heap:
 garbage-first heap   total 151552K, used 37829K [0x0000000602800000, 0x0000000800000000)
  region size 4096K, 2 young (8192K), 1 survivors (4096K)
 Metaspace       used 72032K, committed 73472K, reserved 1114112K
  class space    used 10454K, committed 11008K, reserved 1048576K
GC Heap History (20 events):
Event: 6693.907 GC heap before
{Heap before GC invocations=29 (full 1):
 garbage-first heap   total 151552K, used 119262K [0x0000000602800000, 0x0000000800000000)
  region size 4096K, 22 young (90112K), 2 survivors (8192K)
 Metaspace       used 72031K, committed 73472K, reserved 1114112K
  class space    used 10454K, committed 11008K, reserved 1048576K
}
Event: 6693.909 GC heap after
{Heap after GC invocations=30 (full 1):
 garbage-first heap   total 151552K, used 36802K [0x0000000602800000, 0x0000000800000000)
  region size 4096K, 2 young (8192K), 2 survivors (8192K)
 Metaspace       used 72031K, committed 73472K, reserved 1114112K
  class space    used 10454K, committed 11008K, reserved 1048576K
}
Event: 7560.141 GC heap before
{Heap before GC invocations=31 (full 1):
 garbage-first heap   total 151552K, used 118722K [0x0000000602800000, 0x0000000800000000)
  region size 4096K, 22 young (90112K), 2 survivors (8192K)
 Metaspace       used 72031K, committed 73472K, reserved 1114112K
  class space    used 10454K, committed 11008K, reserved 1048576K
}
Event: 7560.143 GC heap after
{Heap after GC invocations=32 (full 1):
 garbage-first heap   total 151552K, used 37213K [0x0000000602800000, 0x0000000800000000)
  region size 4096K, 2 young (8192K), 2 survivors (8192K)
 Metaspace       used 72031K, committed 73472K, reserved 1114112K
  class space    used 10454K, committed 11008K, reserved 1048576K
}
Event: 8458.855 GC heap before
{Heap before GC invocations=32 (full 1):
 garbage-first heap   total 151552K, used 119133K [0x0000000602800000, 0x0000000800000000)
  region size 4096K, 22 young (90112K), 2 survivors (8192K)
 Metaspace       used 72031K, committed 73472K, reserved 1114112K
  class space    used 10454K, committed 11008K, reserved 1048576K
}
Event: 8458.859 GC heap after
{Heap after GC invocations=33 (full 1):
 garbage-first heap   total 151552K, used 36718K [0x0000000602800000, 0x0000000800000000)
  region size 4096K, 2 young (8192K), 2 survivors (8192K)
 Metaspace       used 72031K, committed 73472K, reserved 1114112K
  class space    used 10454K, committed 11008K, reserved 1048576K
}
Event: 9317.504 GC heap before
{Heap before GC invocations=33 (full 1):
 garbage-first heap   total 151552K, used 118638K [0x0000000602800000, 0x0000000800000000)
  region size 4096K, 22 young (90112K), 2 survivors (8192K)
 Metaspace       used 72032K, committed 73472K, reserved 1114112K
  class space    used 10454K, committed 11008K, reserved 1048576K
}
Event: 9317.507 GC heap after
{Heap after GC invocations=34 (full 1):
 garbage-first heap   total 151552K, used 37433K [0x0000000602800000, 0x0000000800000000)
  region size 4096K, 2 young (8192K), 2 survivors (8192K)
 Metaspace       used 72032K, committed 73472K, reserved 1114112K
  class space    used 10454K, committed 11008K, reserved 1048576K
}
Event: 10208.426 GC heap before
{Heap before GC invocations=35 (full 1):
 garbage-first heap   total 151552K, used 119353K [0x0000000602800000, 0x0000000800000000)
  region size 4096K, 22 young (90112K), 2 survivors (8192K)
 Metaspace       used 72032K, committed 73472K, reserved 1114112K
  class space    used 10454K, committed 11008K, reserved 1048576K
}
Event: 10208.429 GC heap after
{Heap after GC invocations=36 (full 1):
 garbage-first heap   total 151552K, used 36710K [0x0000000602800000, 0x0000000800000000)
  region size 4096K, 2 young (8192K), 2 survivors (8192K)
 Metaspace       used 72032K, committed 73472K, reserved 1114112K
  class space    used 10454K, committed 11008K, reserved 1048576K
}
Event: 11056.277 GC heap before
{Heap before GC invocations=36 (full 1):
 garbage-first heap   total 151552K, used 118630K [0x0000000602800000, 0x0000000800000000)
  region size 4096K, 22 young (90112K), 2 survivors (8192K)
 Metaspace       used 72032K, committed 73472K, reserved 1114112K
  class space    used 10454K, committed 11008K, reserved 1048576K
}
Event: 11056.280 GC heap after
{Heap after GC invocations=37 (full 1):
 garbage-first heap   total 151552K, used 37390K [0x0000000602800000, 0x0000000800000000)
  region size 4096K, 2 young (8192K), 2 survivors (8192K)
 Metaspace       used 72032K, committed 73472K, reserved 1114112K
  class space    used 10454K, committed 11008K, reserved 1048576K
}
Event: 11946.975 GC heap before
{Heap before GC invocations=37 (full 1):
 garbage-first heap   total 151552K, used 119310K [0x0000000602800000, 0x0000000800000000)
  region size 4096K, 22 young (90112K), 2 survivors (8192K)
 Metaspace       used 72032K, committed 73472K, reserved 1114112K
  class space    used 10454K, committed 11008K, reserved 1048576K
}
Event: 11946.978 GC heap after
{Heap after GC invocations=38 (full 1):
 garbage-first heap   total 151552K, used 36532K [0x0000000602800000, 0x0000000800000000)
  region size 4096K, 2 young (8192K), 2 survivors (8192K)
 Metaspace       used 72032K, committed 73472K, reserved 1114112K
  class space    used 10454K, committed 11008K, reserved 1048576K
}
Event: 12799.504 GC heap before
{Heap before GC invocations=39 (full 1):
 garbage-first heap   total 151552K, used 118452K [0x0000000602800000, 0x0000000800000000)
  region size 4096K, 22 young (90112K), 2 survivors (8192K)
 Metaspace       used 72032K, committed 73472K, reserved 1114112K
  class space    used 10454K, committed 11008K, reserved 1048576K
}
Event: 12799.507 GC heap after
{Heap after GC invocations=40 (full 1):
 garbage-first heap   total 151552K, used 37521K [0x0000000602800000, 0x0000000800000000)
  region size 4096K, 1 young (4096K), 1 survivors (4096K)
 Metaspace       used 72032K, committed 73472K, reserved 1114112K
  class space    used 10454K, committed 11008K, reserved 1048576K
}
Event: 13737.507 GC heap before
{Heap before GC invocations=40 (full 1):
 garbage-first heap   total 151552K, used 123537K [0x0000000602800000, 0x0000000800000000)
  region size 4096K, 22 young (90112K), 1 survivors (4096K)
 Metaspace       used 72032K, committed 73472K, reserved 1114112K
  class space    used 10454K, committed 11008K, reserved 1048576K
}
Event: 13737.510 GC heap after
{Heap after GC invocations=41 (full 1):
 garbage-first heap   total 151552K, used 37104K [0x0000000602800000, 0x0000000800000000)
  region size 4096K, 1 young (4096K), 1 survivors (4096K)
 Metaspace       used 72032K, committed 73472K, reserved 1114112K
  class space    used 10454K, committed 11008K, reserved 1048576K
}
Event: 14640.925 GC heap before
{Heap before GC invocations=41 (full 1):
 garbage-first heap   total 151552K, used 123120K [0x0000000602800000, 0x0000000800000000)
  region size 4096K, 22 young (90112K), 1 survivors (4096K)
 Metaspace       used 72032K, committed 73472K, reserved 1114112K
  class space    used 10454K, committed 11008K, reserved 1048576K
}
Event: 14640.926 GC heap after
{Heap after GC invocations=42 (full 1):
 garbage-first heap   total 151552K, used 37829K [0x0000000602800000, 0x0000000800000000)
  region size 4096K, 1 young (4096K), 1 survivors (4096K)
 Metaspace       used 72032K, committed 73472K, reserved 1114112K
  class space    used 10454K, committed 11008K, reserved 1048576K
}

